----------------------------------------------------------------
Sat May 04 19:50:53 CDT 2024:
Booting Derby version The Apache Software Foundation - Apache Derby - 10.14.1.0 - (1808820): instance a816c00e-018f-463b-7696-00001f2117e0 
on database directory C:\Users\kbctr\OneDrive\Documents\GitHub\hotel-transylvania-\src\main\java\Hotel\Databases\ReservationsData with class loader jdk.internal.loader.ClassLoaders$AppClassLoader@76ed5528 
Loaded from file:/C:/Users/kbctr/.m2/repository/org/apache/derby/derby/10.14.1.0/derby-10.14.1.0.jar
java.vendor=Oracle Corporation
java.runtime.version=22+36-2370
user.dir=C:\Users\kbctr\OneDrive\Documents\GitHub\hotel-transylvania-\src\main\java\Hotel\Databases
os.name=Windows 10
os.arch=amd64
os.version=10.0
derby.system.home=null
Database Class Loader started - derby.database.classpath=''
----------------------------------------------------------------
Sat May 04 19:50:54 CDT 2024:
Booting Derby version The Apache Software Foundation - Apache Derby - 10.14.1.0 - (1808820): instance 9ac8804c-018f-463b-7696-00001f2117e0 
on database directory C:\Users\kbctr\OneDrive\Documents\GitHub\hotel-transylvania-\src\main\java\Hotel\Databases\PersonProfilesData with class loader jdk.internal.loader.ClassLoaders$AppClassLoader@76ed5528 
Loaded from file:/C:/Users/kbctr/.m2/repository/org/apache/derby/derby/10.14.1.0/derby-10.14.1.0.jar
java.vendor=Oracle Corporation
java.runtime.version=22+36-2370
user.dir=C:\Users\kbctr\OneDrive\Documents\GitHub\hotel-transylvania-\src\main\java\Hotel\Databases
os.name=Windows 10
os.arch=amd64
os.version=10.0
derby.system.home=null
Database Class Loader started - derby.database.classpath=''
----------------------------------------------------------------
Sat May 04 19:50:54 CDT 2024:
Booting Derby version The Apache Software Foundation - Apache Derby - 10.14.1.0 - (1808820): instance 513b408a-018f-463b-7696-00001f2117e0 
on database directory C:\Users\kbctr\OneDrive\Documents\GitHub\hotel-transylvania-\src\main\java\Hotel\Databases\EmployeeProfilesData with class loader jdk.internal.loader.ClassLoaders$AppClassLoader@76ed5528 
Loaded from file:/C:/Users/kbctr/.m2/repository/org/apache/derby/derby/10.14.1.0/derby-10.14.1.0.jar
java.vendor=Oracle Corporation
java.runtime.version=22+36-2370
user.dir=C:\Users\kbctr\OneDrive\Documents\GitHub\hotel-transylvania-\src\main\java\Hotel\Databases
os.name=Windows 10
os.arch=amd64
os.version=10.0
derby.system.home=null
Database Class Loader started - derby.database.classpath=''
----------------------------------------------------------------
Sat May 04 19:50:54 CDT 2024:
Booting Derby version The Apache Software Foundation - Apache Derby - 10.14.1.0 - (1808820): instance 295dc08b-018f-463b-7696-00001f2117e0 
on database directory C:\Users\kbctr\OneDrive\Documents\GitHub\hotel-transylvania-\src\main\java\Hotel\Databases\AdminProfilesData with class loader jdk.internal.loader.ClassLoaders$AppClassLoader@76ed5528 
Loaded from file:/C:/Users/kbctr/.m2/repository/org/apache/derby/derby/10.14.1.0/derby-10.14.1.0.jar
java.vendor=Oracle Corporation
java.runtime.version=22+36-2370
user.dir=C:\Users\kbctr\OneDrive\Documents\GitHub\hotel-transylvania-\src\main\java\Hotel\Databases
os.name=Windows 10
os.arch=amd64
os.version=10.0
derby.system.home=null
Database Class Loader started - derby.database.classpath=''
----------------------------------------------------------------
Sat May 04 19:50:54 CDT 2024:
Booting Derby version The Apache Software Foundation - Apache Derby - 10.14.1.0 - (1808820): instance a180808c-018f-463b-7696-00001f2117e0 
on database directory C:\Users\kbctr\OneDrive\Documents\GitHub\hotel-transylvania-\src\main\java\Hotel\Databases\HotelRoomsData with class loader jdk.internal.loader.ClassLoaders$AppClassLoader@76ed5528 
Loaded from file:/C:/Users/kbctr/.m2/repository/org/apache/derby/derby/10.14.1.0/derby-10.14.1.0.jar
java.vendor=Oracle Corporation
java.runtime.version=22+36-2370
user.dir=C:\Users\kbctr\OneDrive\Documents\GitHub\hotel-transylvania-\src\main\java\Hotel\Databases
os.name=Windows 10
os.arch=amd64
os.version=10.0
derby.system.home=null
Database Class Loader started - derby.database.classpath=''
----------------------------------------------------------------
Sat May 04 19:50:54 CDT 2024:
Booting Derby version The Apache Software Foundation - Apache Derby - 10.14.1.0 - (1808820): instance 5bd340ca-018f-463b-7696-00001f2117e0 
on database directory C:\Users\kbctr\OneDrive\Documents\GitHub\hotel-transylvania-\src\main\java\Hotel\Databases\CashieringData with class loader jdk.internal.loader.ClassLoaders$AppClassLoader@76ed5528 
Loaded from file:/C:/Users/kbctr/.m2/repository/org/apache/derby/derby/10.14.1.0/derby-10.14.1.0.jar
java.vendor=Oracle Corporation
java.runtime.version=22+36-2370
user.dir=C:\Users\kbctr\OneDrive\Documents\GitHub\hotel-transylvania-\src\main\java\Hotel\Databases
os.name=Windows 10
os.arch=amd64
os.version=10.0
derby.system.home=null
Database Class Loader started - derby.database.classpath=''
----------------------------------------------------------------
Sat May 04 19:50:54 CDT 2024:
Booting Derby version The Apache Software Foundation - Apache Derby - 10.14.1.0 - (1808820): instance 3405c0cb-018f-463b-7696-00001f2117e0 
on database directory C:\Users\kbctr\OneDrive\Documents\GitHub\hotel-transylvania-\src\main\java\Hotel\Databases\ShoppingCartData with class loader jdk.internal.loader.ClassLoaders$AppClassLoader@76ed5528 
Loaded from file:/C:/Users/kbctr/.m2/repository/org/apache/derby/derby/10.14.1.0/derby-10.14.1.0.jar
java.vendor=Oracle Corporation
java.runtime.version=22+36-2370
user.dir=C:\Users\kbctr\OneDrive\Documents\GitHub\hotel-transylvania-\src\main\java\Hotel\Databases
os.name=Windows 10
os.arch=amd64
os.version=10.0
derby.system.home=null
Database Class Loader started - derby.database.classpath=''
----------------------------------------------------------------
Sat May 04 19:50:54 CDT 2024:
Booting Derby version The Apache Software Foundation - Apache Derby - 10.14.1.0 - (1808820): instance ac3880cc-018f-463b-7696-00001f2117e0 
on database directory C:\Users\kbctr\OneDrive\Documents\GitHub\hotel-transylvania-\src\main\java\Hotel\Databases\CatalogueDatabase with class loader jdk.internal.loader.ClassLoaders$AppClassLoader@76ed5528 
Loaded from file:/C:/Users/kbctr/.m2/repository/org/apache/derby/derby/10.14.1.0/derby-10.14.1.0.jar
java.vendor=Oracle Corporation
java.runtime.version=22+36-2370
user.dir=C:\Users\kbctr\OneDrive\Documents\GitHub\hotel-transylvania-\src\main\java\Hotel\Databases
os.name=Windows 10
os.arch=amd64
os.version=10.0
derby.system.home=null
Database Class Loader started - derby.database.classpath=''
