----------------------------------------------------------------
Sat May 04 23:38:21 CDT 2024:
Booting Derby version The Apache Software Foundation - Apache Derby - 10.14.1.0 - (1808820): instance a816c00e-018f-470b-b5b4-00001f309790 
on database directory C:\Users\kbctr\OneDrive\Documents\GitHub\hotel-transylvania-\out\artifacts\HotelRoom_jar\ReservationsData with class loader jdk.internal.loader.ClassLoaders$AppClassLoader@70dea4e 
Loaded from file:/C:/Users/kbctr/OneDrive/Documents/GitHub/hotel-transylvania-/out/artifacts/HotelRoom_jar/HotelRoom.jar
java.vendor=Oracle Corporation
java.runtime.version=22+36-2370
user.dir=C:\Users\kbctr\OneDrive\Documents\GitHub\hotel-transylvania-\out\artifacts\HotelRoom_jar
os.name=Windows 10
os.arch=amd64
os.version=10.0
derby.system.home=null
Database Class Loader started - derby.database.classpath=''
----------------------------------------------------------------
Sat May 04 23:38:21 CDT 2024:
Booting Derby version The Apache Software Foundation - Apache Derby - 10.14.1.0 - (1808820): instance 601a400f-018f-470b-b5b4-00001f309790 
on database directory C:\Users\kbctr\OneDrive\Documents\GitHub\hotel-transylvania-\out\artifacts\HotelRoom_jar\PersonProfilesData with class loader jdk.internal.loader.ClassLoaders$AppClassLoader@70dea4e 
Loaded from file:/C:/Users/kbctr/OneDrive/Documents/GitHub/hotel-transylvania-/out/artifacts/HotelRoom_jar/HotelRoom.jar
java.vendor=Oracle Corporation
java.runtime.version=22+36-2370
user.dir=C:\Users\kbctr\OneDrive\Documents\GitHub\hotel-transylvania-\out\artifacts\HotelRoom_jar
os.name=Windows 10
os.arch=amd64
os.version=10.0
derby.system.home=null
Database Class Loader started - derby.database.classpath=''
----------------------------------------------------------------
Sat May 04 23:38:21 CDT 2024:
Booting Derby version The Apache Software Foundation - Apache Derby - 10.14.1.0 - (1808820): instance f81e0010-018f-470b-b5b4-00001f309790 
on database directory C:\Users\kbctr\OneDrive\Documents\GitHub\hotel-transylvania-\out\artifacts\HotelRoom_jar\EmployeeProfilesData with class loader jdk.internal.loader.ClassLoaders$AppClassLoader@70dea4e 
Loaded from file:/C:/Users/kbctr/OneDrive/Documents/GitHub/hotel-transylvania-/out/artifacts/HotelRoom_jar/HotelRoom.jar
java.vendor=Oracle Corporation
java.runtime.version=22+36-2370
user.dir=C:\Users\kbctr\OneDrive\Documents\GitHub\hotel-transylvania-\out\artifacts\HotelRoom_jar
os.name=Windows 10
os.arch=amd64
os.version=10.0
derby.system.home=null
Database Class Loader started - derby.database.classpath=''
----------------------------------------------------------------
Sat May 04 23:38:21 CDT 2024:
Booting Derby version The Apache Software Foundation - Apache Derby - 10.14.1.0 - (1808820): instance 80220011-018f-470b-b5b4-00001f309790 
on database directory C:\Users\kbctr\OneDrive\Documents\GitHub\hotel-transylvania-\out\artifacts\HotelRoom_jar\AdminProfilesData with class loader jdk.internal.loader.ClassLoaders$AppClassLoader@70dea4e 
Loaded from file:/C:/Users/kbctr/OneDrive/Documents/GitHub/hotel-transylvania-/out/artifacts/HotelRoom_jar/HotelRoom.jar
java.vendor=Oracle Corporation
java.runtime.version=22+36-2370
user.dir=C:\Users\kbctr\OneDrive\Documents\GitHub\hotel-transylvania-\out\artifacts\HotelRoom_jar
os.name=Windows 10
os.arch=amd64
os.version=10.0
derby.system.home=null
Database Class Loader started - derby.database.classpath=''
----------------------------------------------------------------
Sat May 04 23:38:21 CDT 2024:
Booting Derby version The Apache Software Foundation - Apache Derby - 10.14.1.0 - (1808820): instance 08264012-018f-470b-b5b4-00001f309790 
on database directory C:\Users\kbctr\OneDrive\Documents\GitHub\hotel-transylvania-\out\artifacts\HotelRoom_jar\HotelRoomsData with class loader jdk.internal.loader.ClassLoaders$AppClassLoader@70dea4e 
Loaded from file:/C:/Users/kbctr/OneDrive/Documents/GitHub/hotel-transylvania-/out/artifacts/HotelRoom_jar/HotelRoom.jar
java.vendor=Oracle Corporation
java.runtime.version=22+36-2370
user.dir=C:\Users\kbctr\OneDrive\Documents\GitHub\hotel-transylvania-\out\artifacts\HotelRoom_jar
os.name=Windows 10
os.arch=amd64
os.version=10.0
derby.system.home=null
Database Class Loader started - derby.database.classpath=''
----------------------------------------------------------------
Sat May 04 23:38:21 CDT 2024:
Booting Derby version The Apache Software Foundation - Apache Derby - 10.14.1.0 - (1808820): instance fb160050-018f-470b-b5b4-00001f309790 
on database directory C:\Users\kbctr\OneDrive\Documents\GitHub\hotel-transylvania-\out\artifacts\HotelRoom_jar\CashieringData with class loader jdk.internal.loader.ClassLoaders$AppClassLoader@70dea4e 
Loaded from file:/C:/Users/kbctr/OneDrive/Documents/GitHub/hotel-transylvania-/out/artifacts/HotelRoom_jar/HotelRoom.jar
java.vendor=Oracle Corporation
java.runtime.version=22+36-2370
user.dir=C:\Users\kbctr\OneDrive\Documents\GitHub\hotel-transylvania-\out\artifacts\HotelRoom_jar
os.name=Windows 10
os.arch=amd64
os.version=10.0
derby.system.home=null
Database Class Loader started - derby.database.classpath=''
----------------------------------------------------------------
Sat May 04 23:38:21 CDT 2024:
Booting Derby version The Apache Software Foundation - Apache Derby - 10.14.1.0 - (1808820): instance 832a0051-018f-470b-b5b4-00001f309790 
on database directory C:\Users\kbctr\OneDrive\Documents\GitHub\hotel-transylvania-\out\artifacts\HotelRoom_jar\ShoppingCartData with class loader jdk.internal.loader.ClassLoaders$AppClassLoader@70dea4e 
Loaded from file:/C:/Users/kbctr/OneDrive/Documents/GitHub/hotel-transylvania-/out/artifacts/HotelRoom_jar/HotelRoom.jar
java.vendor=Oracle Corporation
java.runtime.version=22+36-2370
user.dir=C:\Users\kbctr\OneDrive\Documents\GitHub\hotel-transylvania-\out\artifacts\HotelRoom_jar
os.name=Windows 10
os.arch=amd64
os.version=10.0
derby.system.home=null
Database Class Loader started - derby.database.classpath=''
----------------------------------------------------------------
Sat May 04 23:38:21 CDT 2024:
Booting Derby version The Apache Software Foundation - Apache Derby - 10.14.1.0 - (1808820): instance 0b3e4052-018f-470b-b5b4-00001f309790 
on database directory C:\Users\kbctr\OneDrive\Documents\GitHub\hotel-transylvania-\out\artifacts\HotelRoom_jar\CatalogueDatabase with class loader jdk.internal.loader.ClassLoaders$AppClassLoader@70dea4e 
Loaded from file:/C:/Users/kbctr/OneDrive/Documents/GitHub/hotel-transylvania-/out/artifacts/HotelRoom_jar/HotelRoom.jar
java.vendor=Oracle Corporation
java.runtime.version=22+36-2370
user.dir=C:\Users\kbctr\OneDrive\Documents\GitHub\hotel-transylvania-\out\artifacts\HotelRoom_jar
os.name=Windows 10
os.arch=amd64
os.version=10.0
derby.system.home=null
Database Class Loader started - derby.database.classpath=''
