----------------------------------------------------------------
Thu May 02 01:26:24 CDT 2024:
Booting Derby version The Apache Software Foundation - Apache Derby - 10.14.1.0 - (1808820): instance a816c00e-018f-37fb-8f28-00000f9a3fe0 
on database directory /Users/chris/CS Files/Software Engineering/Group Project/hotel-transylvania-/HotelRoom/src/main/java/Databases/ReservationsData with class loader jdk.internal.loader.ClassLoaders$AppClassLoader@1cf4f579 
Loaded from file:/Users/chris/.m2/repository/org/apache/derby/derby/10.14.1.0/derby-10.14.1.0.jar
java.vendor=Oracle Corporation
java.runtime.version=21.0.2+13-LTS-58
user.dir=/Users/chris/CS Files/Software Engineering/Group Project/hotel-transylvania-/HotelRoom
os.name=Mac OS X
os.arch=aarch64
os.version=14.4.1
derby.system.home=null
Database Class Loader started - derby.database.classpath=''
----------------------------------------------------------------
Thu May 02 01:26:24 CDT 2024:
Booting Derby version The Apache Software Foundation - Apache Derby - 10.14.1.0 - (1808820): instance 601a400f-018f-37fb-8f28-00000f9a3fe0 
on database directory /Users/chris/CS Files/Software Engineering/Group Project/hotel-transylvania-/HotelRoom/src/main/java/Databases/PersonProfilesData with class loader jdk.internal.loader.ClassLoaders$AppClassLoader@1cf4f579 
Loaded from file:/Users/chris/.m2/repository/org/apache/derby/derby/10.14.1.0/derby-10.14.1.0.jar
java.vendor=Oracle Corporation
java.runtime.version=21.0.2+13-LTS-58
user.dir=/Users/chris/CS Files/Software Engineering/Group Project/hotel-transylvania-/HotelRoom
os.name=Mac OS X
os.arch=aarch64
os.version=14.4.1
derby.system.home=null
Database Class Loader started - derby.database.classpath=''
----------------------------------------------------------------
Thu May 02 01:26:24 CDT 2024:
Booting Derby version The Apache Software Foundation - Apache Derby - 10.14.1.0 - (1808820): instance f81e0010-018f-37fb-8f28-00000f9a3fe0 
on database directory /Users/chris/CS Files/Software Engineering/Group Project/hotel-transylvania-/HotelRoom/src/main/java/Databases/EmployeeProfilesData with class loader jdk.internal.loader.ClassLoaders$AppClassLoader@1cf4f579 
Loaded from file:/Users/chris/.m2/repository/org/apache/derby/derby/10.14.1.0/derby-10.14.1.0.jar
java.vendor=Oracle Corporation
java.runtime.version=21.0.2+13-LTS-58
user.dir=/Users/chris/CS Files/Software Engineering/Group Project/hotel-transylvania-/HotelRoom
os.name=Mac OS X
os.arch=aarch64
os.version=14.4.1
derby.system.home=null
Database Class Loader started - derby.database.classpath=''
----------------------------------------------------------------
Thu May 02 01:26:24 CDT 2024:
Booting Derby version The Apache Software Foundation - Apache Derby - 10.14.1.0 - (1808820): instance 80220011-018f-37fb-8f28-00000f9a3fe0 
on database directory /Users/chris/CS Files/Software Engineering/Group Project/hotel-transylvania-/HotelRoom/src/main/java/Databases/AdminProfilesData with class loader jdk.internal.loader.ClassLoaders$AppClassLoader@1cf4f579 
Loaded from file:/Users/chris/.m2/repository/org/apache/derby/derby/10.14.1.0/derby-10.14.1.0.jar
java.vendor=Oracle Corporation
java.runtime.version=21.0.2+13-LTS-58
user.dir=/Users/chris/CS Files/Software Engineering/Group Project/hotel-transylvania-/HotelRoom
os.name=Mac OS X
os.arch=aarch64
os.version=14.4.1
derby.system.home=null
Database Class Loader started - derby.database.classpath=''
----------------------------------------------------------------
Thu May 02 01:26:24 CDT 2024:
Booting Derby version The Apache Software Foundation - Apache Derby - 10.14.1.0 - (1808820): instance 08264012-018f-37fb-8f28-00000f9a3fe0 
on database directory /Users/chris/CS Files/Software Engineering/Group Project/hotel-transylvania-/HotelRoom/src/main/java/Databases/HotelRoomsData with class loader jdk.internal.loader.ClassLoaders$AppClassLoader@1cf4f579 
Loaded from file:/Users/chris/.m2/repository/org/apache/derby/derby/10.14.1.0/derby-10.14.1.0.jar
java.vendor=Oracle Corporation
java.runtime.version=21.0.2+13-LTS-58
user.dir=/Users/chris/CS Files/Software Engineering/Group Project/hotel-transylvania-/HotelRoom
os.name=Mac OS X
os.arch=aarch64
os.version=14.4.1
derby.system.home=null
Database Class Loader started - derby.database.classpath=''
----------------------------------------------------------------
Thu May 02 01:26:24 CDT 2024:
Booting Derby version The Apache Software Foundation - Apache Derby - 10.14.1.0 - (1808820): instance a02ac013-018f-37fb-8f28-00000f9a3fe0 
on database directory /Users/chris/CS Files/Software Engineering/Group Project/hotel-transylvania-/HotelRoom/src/main/java/Databases/ShoppingCartData with class loader jdk.internal.loader.ClassLoaders$AppClassLoader@1cf4f579 
Loaded from file:/Users/chris/.m2/repository/org/apache/derby/derby/10.14.1.0/derby-10.14.1.0.jar
java.vendor=Oracle Corporation
java.runtime.version=21.0.2+13-LTS-58
user.dir=/Users/chris/CS Files/Software Engineering/Group Project/hotel-transylvania-/HotelRoom
os.name=Mac OS X
os.arch=aarch64
os.version=14.4.1
derby.system.home=null
Database Class Loader started - derby.database.classpath=''
----------------------------------------------------------------
Thu May 02 01:26:24 CDT 2024:
Booting Derby version The Apache Software Foundation - Apache Derby - 10.14.1.0 - (1808820): instance 582f8014-018f-37fb-8f28-00000f9a3fe0 
on database directory /Users/chris/CS Files/Software Engineering/Group Project/hotel-transylvania-/HotelRoom/src/main/java/Databases/CatalogueDatabase with class loader jdk.internal.loader.ClassLoaders$AppClassLoader@1cf4f579 
Loaded from file:/Users/chris/.m2/repository/org/apache/derby/derby/10.14.1.0/derby-10.14.1.0.jar
java.vendor=Oracle Corporation
java.runtime.version=21.0.2+13-LTS-58
user.dir=/Users/chris/CS Files/Software Engineering/Group Project/hotel-transylvania-/HotelRoom
os.name=Mac OS X
os.arch=aarch64
os.version=14.4.1
derby.system.home=null
Database Class Loader started - derby.database.classpath=''
