----------------------------------------------------------------
Wed May 01 20:21:33 CDT 2024:
Booting Derby version The Apache Software Foundation - Apache Derby - 10.14.1.0 - (1808820): instance a816c00e-018f-36e4-75fc-00001f286d78 
on database directory C:\Users\kbctr\OneDrive\Desktop\hotel-transylvania--Shopping-Logic\src\main\java\Databases\ReservationsData with class loader jdk.internal.loader.ClassLoaders$AppClassLoader@76ed5528 
Loaded from file:/C:/Users/kbctr/.m2/repository/org/apache/derby/derby/10.14.1.0/derby-10.14.1.0.jar
java.vendor=Amazon.com Inc.
java.runtime.version=21.0.2+13-LTS
user.dir=C:\Users\kbctr\OneDrive\Desktop\hotel-transylvania--Shopping-Logic\src\main\java\Databases
os.name=Windows 10
os.arch=amd64
os.version=10.0
derby.system.home=null
Database Class Loader started - derby.database.classpath=''
----------------------------------------------------------------
Wed May 01 20:21:33 CDT 2024:
Booting Derby version The Apache Software Foundation - Apache Derby - 10.14.1.0 - (1808820): instance 9ac8804c-018f-36e4-75fc-00001f286d78 
on database directory C:\Users\kbctr\OneDrive\Desktop\hotel-transylvania--Shopping-Logic\src\main\java\Databases\PersonProfilesData with class loader jdk.internal.loader.ClassLoaders$AppClassLoader@76ed5528 
Loaded from file:/C:/Users/kbctr/.m2/repository/org/apache/derby/derby/10.14.1.0/derby-10.14.1.0.jar
java.vendor=Amazon.com Inc.
java.runtime.version=21.0.2+13-LTS
user.dir=C:\Users\kbctr\OneDrive\Desktop\hotel-transylvania--Shopping-Logic\src\main\java\Databases
os.name=Windows 10
os.arch=amd64
os.version=10.0
derby.system.home=null
Database Class Loader started - derby.database.classpath=''
----------------------------------------------------------------
Wed May 01 20:21:33 CDT 2024:
Booting Derby version The Apache Software Foundation - Apache Derby - 10.14.1.0 - (1808820): instance c2db804d-018f-36e4-75fc-00001f286d78 
on database directory C:\Users\kbctr\OneDrive\Desktop\hotel-transylvania--Shopping-Logic\src\main\java\Databases\EmployeeProfilesData with class loader jdk.internal.loader.ClassLoaders$AppClassLoader@76ed5528 
Loaded from file:/C:/Users/kbctr/.m2/repository/org/apache/derby/derby/10.14.1.0/derby-10.14.1.0.jar
java.vendor=Amazon.com Inc.
java.runtime.version=21.0.2+13-LTS
user.dir=C:\Users\kbctr\OneDrive\Desktop\hotel-transylvania--Shopping-Logic\src\main\java\Databases
os.name=Windows 10
os.arch=amd64
os.version=10.0
derby.system.home=null
Database Class Loader started - derby.database.classpath=''
----------------------------------------------------------------
Wed May 01 20:21:34 CDT 2024:
Booting Derby version The Apache Software Foundation - Apache Derby - 10.14.1.0 - (1808820): instance aaeec04e-018f-36e4-75fc-00001f286d78 
on database directory C:\Users\kbctr\OneDrive\Desktop\hotel-transylvania--Shopping-Logic\src\main\java\Databases\AdminProfilesData with class loader jdk.internal.loader.ClassLoaders$AppClassLoader@76ed5528 
Loaded from file:/C:/Users/kbctr/.m2/repository/org/apache/derby/derby/10.14.1.0/derby-10.14.1.0.jar
java.vendor=Amazon.com Inc.
java.runtime.version=21.0.2+13-LTS
user.dir=C:\Users\kbctr\OneDrive\Desktop\hotel-transylvania--Shopping-Logic\src\main\java\Databases
os.name=Windows 10
os.arch=amd64
os.version=10.0
derby.system.home=null
Database Class Loader started - derby.database.classpath=''
----------------------------------------------------------------
Wed May 01 20:21:34 CDT 2024:
Booting Derby version The Apache Software Foundation - Apache Derby - 10.14.1.0 - (1808820): instance 6302404f-018f-36e4-75fc-00001f286d78 
on database directory C:\Users\kbctr\OneDrive\Desktop\hotel-transylvania--Shopping-Logic\src\main\java\Databases\HotelRoomsData with class loader jdk.internal.loader.ClassLoaders$AppClassLoader@76ed5528 
Loaded from file:/C:/Users/kbctr/.m2/repository/org/apache/derby/derby/10.14.1.0/derby-10.14.1.0.jar
java.vendor=Amazon.com Inc.
java.runtime.version=21.0.2+13-LTS
user.dir=C:\Users\kbctr\OneDrive\Desktop\hotel-transylvania--Shopping-Logic\src\main\java\Databases
os.name=Windows 10
os.arch=amd64
os.version=10.0
derby.system.home=null
Database Class Loader started - derby.database.classpath=''
----------------------------------------------------------------
Wed May 01 20:21:34 CDT 2024:
Booting Derby version The Apache Software Foundation - Apache Derby - 10.14.1.0 - (1808820): instance fb160050-018f-36e4-75fc-00001f286d78 
on database directory C:\Users\kbctr\OneDrive\Desktop\hotel-transylvania--Shopping-Logic\src\main\java\Databases\ShoppingCartData with class loader jdk.internal.loader.ClassLoaders$AppClassLoader@76ed5528 
Loaded from file:/C:/Users/kbctr/.m2/repository/org/apache/derby/derby/10.14.1.0/derby-10.14.1.0.jar
java.vendor=Amazon.com Inc.
java.runtime.version=21.0.2+13-LTS
user.dir=C:\Users\kbctr\OneDrive\Desktop\hotel-transylvania--Shopping-Logic\src\main\java\Databases
os.name=Windows 10
os.arch=amd64
os.version=10.0
derby.system.home=null
Database Class Loader started - derby.database.classpath=''
----------------------------------------------------------------
Wed May 01 20:21:34 CDT 2024:
Booting Derby version The Apache Software Foundation - Apache Derby - 10.14.1.0 - (1808820): instance 832a0051-018f-36e4-75fc-00001f286d78 
on database directory C:\Users\kbctr\OneDrive\Desktop\hotel-transylvania--Shopping-Logic\src\main\java\Databases\CatalogueDatabase with class loader jdk.internal.loader.ClassLoaders$AppClassLoader@76ed5528 
Loaded from file:/C:/Users/kbctr/.m2/repository/org/apache/derby/derby/10.14.1.0/derby-10.14.1.0.jar
java.vendor=Amazon.com Inc.
java.runtime.version=21.0.2+13-LTS
user.dir=C:\Users\kbctr\OneDrive\Desktop\hotel-transylvania--Shopping-Logic\src\main\java\Databases
os.name=Windows 10
os.arch=amd64
os.version=10.0
derby.system.home=null
Database Class Loader started - derby.database.classpath=''
