----------------------------------------------------------------
Sat May 04 22:50:56 CDT 2024:
Booting Derby version The Apache Software Foundation - Apache Derby - 10.14.1.0 - (1808820): instance a816c00e-018f-46e0-4e30-00001f3060a8 
on database directory C:\Users\kbctr\OneDrive\Documents\GitHub\hotel-transylvania-\src\main\resources\ReservationsData with class loader jdk.internal.loader.ClassLoaders$AppClassLoader@70dea4e 
Loaded from file:/C:/Users/kbctr/OneDrive/Documents/GitHub/hotel-transylvania-/src/main/resources/HotelRoom.jar
java.vendor=Oracle Corporation
java.runtime.version=22+36-2370
user.dir=C:\Users\kbctr\OneDrive\Documents\GitHub\hotel-transylvania-\src\main\resources
os.name=Windows 10
os.arch=amd64
os.version=10.0
derby.system.home=null
Database Class Loader started - derby.database.classpath=''
----------------------------------------------------------------
Sat May 04 22:50:56 CDT 2024:
Booting Derby version The Apache Software Foundation - Apache Derby - 10.14.1.0 - (1808820): instance 601a400f-018f-46e0-4e30-00001f3060a8 
on database directory C:\Users\kbctr\OneDrive\Documents\GitHub\hotel-transylvania-\src\main\resources\PersonProfilesData with class loader jdk.internal.loader.ClassLoaders$AppClassLoader@70dea4e 
Loaded from file:/C:/Users/kbctr/OneDrive/Documents/GitHub/hotel-transylvania-/src/main/resources/HotelRoom.jar
java.vendor=Oracle Corporation
java.runtime.version=22+36-2370
user.dir=C:\Users\kbctr\OneDrive\Documents\GitHub\hotel-transylvania-\src\main\resources
os.name=Windows 10
os.arch=amd64
os.version=10.0
derby.system.home=null
Database Class Loader started - derby.database.classpath=''
----------------------------------------------------------------
Sat May 04 22:50:57 CDT 2024:
Booting Derby version The Apache Software Foundation - Apache Derby - 10.14.1.0 - (1808820): instance f81e0010-018f-46e0-4e30-00001f3060a8 
on database directory C:\Users\kbctr\OneDrive\Documents\GitHub\hotel-transylvania-\src\main\resources\EmployeeProfilesData with class loader jdk.internal.loader.ClassLoaders$AppClassLoader@70dea4e 
Loaded from file:/C:/Users/kbctr/OneDrive/Documents/GitHub/hotel-transylvania-/src/main/resources/HotelRoom.jar
java.vendor=Oracle Corporation
java.runtime.version=22+36-2370
user.dir=C:\Users\kbctr\OneDrive\Documents\GitHub\hotel-transylvania-\src\main\resources
os.name=Windows 10
os.arch=amd64
os.version=10.0
derby.system.home=null
Database Class Loader started - derby.database.classpath=''
----------------------------------------------------------------
Sat May 04 22:50:57 CDT 2024:
Booting Derby version The Apache Software Foundation - Apache Derby - 10.14.1.0 - (1808820): instance 80220011-018f-46e0-4e30-00001f3060a8 
on database directory C:\Users\kbctr\OneDrive\Documents\GitHub\hotel-transylvania-\src\main\resources\AdminProfilesData with class loader jdk.internal.loader.ClassLoaders$AppClassLoader@70dea4e 
Loaded from file:/C:/Users/kbctr/OneDrive/Documents/GitHub/hotel-transylvania-/src/main/resources/HotelRoom.jar
java.vendor=Oracle Corporation
java.runtime.version=22+36-2370
user.dir=C:\Users\kbctr\OneDrive\Documents\GitHub\hotel-transylvania-\src\main\resources
os.name=Windows 10
os.arch=amd64
os.version=10.0
derby.system.home=null
Database Class Loader started - derby.database.classpath=''
----------------------------------------------------------------
Sat May 04 22:50:57 CDT 2024:
Booting Derby version The Apache Software Foundation - Apache Derby - 10.14.1.0 - (1808820): instance 08264012-018f-46e0-4e30-00001f3060a8 
on database directory C:\Users\kbctr\OneDrive\Documents\GitHub\hotel-transylvania-\src\main\resources\HotelRoomsData with class loader jdk.internal.loader.ClassLoaders$AppClassLoader@70dea4e 
Loaded from file:/C:/Users/kbctr/OneDrive/Documents/GitHub/hotel-transylvania-/src/main/resources/HotelRoom.jar
java.vendor=Oracle Corporation
java.runtime.version=22+36-2370
user.dir=C:\Users\kbctr\OneDrive\Documents\GitHub\hotel-transylvania-\src\main\resources
os.name=Windows 10
os.arch=amd64
os.version=10.0
derby.system.home=null
Database Class Loader started - derby.database.classpath=''
----------------------------------------------------------------
Sat May 04 22:50:57 CDT 2024:
Booting Derby version The Apache Software Foundation - Apache Derby - 10.14.1.0 - (1808820): instance a02ac013-018f-46e0-4e30-00001f3060a8 
on database directory C:\Users\kbctr\OneDrive\Documents\GitHub\hotel-transylvania-\src\main\resources\CashieringData with class loader jdk.internal.loader.ClassLoaders$AppClassLoader@70dea4e 
Loaded from file:/C:/Users/kbctr/OneDrive/Documents/GitHub/hotel-transylvania-/src/main/resources/HotelRoom.jar
java.vendor=Oracle Corporation
java.runtime.version=22+36-2370
user.dir=C:\Users\kbctr\OneDrive\Documents\GitHub\hotel-transylvania-\src\main\resources
os.name=Windows 10
os.arch=amd64
os.version=10.0
derby.system.home=null
Database Class Loader started - derby.database.classpath=''
----------------------------------------------------------------
Sat May 04 22:50:57 CDT 2024:
Booting Derby version The Apache Software Foundation - Apache Derby - 10.14.1.0 - (1808820): instance 582f8014-018f-46e0-4e30-00001f3060a8 
on database directory C:\Users\kbctr\OneDrive\Documents\GitHub\hotel-transylvania-\src\main\resources\ShoppingCartData with class loader jdk.internal.loader.ClassLoaders$AppClassLoader@70dea4e 
Loaded from file:/C:/Users/kbctr/OneDrive/Documents/GitHub/hotel-transylvania-/src/main/resources/HotelRoom.jar
java.vendor=Oracle Corporation
java.runtime.version=22+36-2370
user.dir=C:\Users\kbctr\OneDrive\Documents\GitHub\hotel-transylvania-\src\main\resources
os.name=Windows 10
os.arch=amd64
os.version=10.0
derby.system.home=null
Database Class Loader started - derby.database.classpath=''
----------------------------------------------------------------
Sat May 04 22:50:57 CDT 2024:
Booting Derby version The Apache Software Foundation - Apache Derby - 10.14.1.0 - (1808820): instance 40348015-018f-46e0-4e30-00001f3060a8 
on database directory C:\Users\kbctr\OneDrive\Documents\GitHub\hotel-transylvania-\src\main\resources\CatalogueDatabase with class loader jdk.internal.loader.ClassLoaders$AppClassLoader@70dea4e 
Loaded from file:/C:/Users/kbctr/OneDrive/Documents/GitHub/hotel-transylvania-/src/main/resources/HotelRoom.jar
java.vendor=Oracle Corporation
java.runtime.version=22+36-2370
user.dir=C:\Users\kbctr\OneDrive\Documents\GitHub\hotel-transylvania-\src\main\resources
os.name=Windows 10
os.arch=amd64
os.version=10.0
derby.system.home=null
Database Class Loader started - derby.database.classpath=''
