----------------------------------------------------------------
Wed May 01 21:59:50 CDT 2024:
Booting Derby version The Apache Software Foundation - Apache Derby - 10.14.1.0 - (1808820): instance a816c00e-018f-373e-7350-00000ee19ad0 
on database directory C:\Users\Rafe\IdeaProjects\HotelTransylvania2\src\main\java\Databases\ReservationsData with class loader jdk.internal.loader.ClassLoaders$AppClassLoader@76ed5528 
Loaded from file:/C:/Users/Rafe/.m2/repository/org/apache/derby/derby/10.14.1.0/derby-10.14.1.0.jar
java.vendor=Eclipse Adoptium
java.runtime.version=21.0.1+12-LTS
user.dir=C:\Users\Rafe\IdeaProjects\HotelTransylvania2\src\main\java\Databases
os.name=Windows 11
os.arch=amd64
os.version=10.0
derby.system.home=null
Database Class Loader started - derby.database.classpath=''
----------------------------------------------------------------
Wed May 01 21:59:51 CDT 2024:
Booting Derby version The Apache Software Foundation - Apache Derby - 10.14.1.0 - (1808820): instance 601a400f-018f-373e-7350-00000ee19ad0 
on database directory C:\Users\Rafe\IdeaProjects\HotelTransylvania2\src\main\java\Databases\PersonProfilesData with class loader jdk.internal.loader.ClassLoaders$AppClassLoader@76ed5528 
Loaded from file:/C:/Users/Rafe/.m2/repository/org/apache/derby/derby/10.14.1.0/derby-10.14.1.0.jar
java.vendor=Eclipse Adoptium
java.runtime.version=21.0.1+12-LTS
user.dir=C:\Users\Rafe\IdeaProjects\HotelTransylvania2\src\main\java\Databases
os.name=Windows 11
os.arch=amd64
os.version=10.0
derby.system.home=null
Database Class Loader started - derby.database.classpath=''
----------------------------------------------------------------
Wed May 01 21:59:51 CDT 2024:
Booting Derby version The Apache Software Foundation - Apache Derby - 10.14.1.0 - (1808820): instance f81e0010-018f-373e-7350-00000ee19ad0 
on database directory C:\Users\Rafe\IdeaProjects\HotelTransylvania2\src\main\java\Databases\EmployeeProfilesData with class loader jdk.internal.loader.ClassLoaders$AppClassLoader@76ed5528 
Loaded from file:/C:/Users/Rafe/.m2/repository/org/apache/derby/derby/10.14.1.0/derby-10.14.1.0.jar
java.vendor=Eclipse Adoptium
java.runtime.version=21.0.1+12-LTS
user.dir=C:\Users\Rafe\IdeaProjects\HotelTransylvania2\src\main\java\Databases
os.name=Windows 11
os.arch=amd64
os.version=10.0
derby.system.home=null
Database Class Loader started - derby.database.classpath=''
----------------------------------------------------------------
Wed May 01 21:59:51 CDT 2024:
Booting Derby version The Apache Software Foundation - Apache Derby - 10.14.1.0 - (1808820): instance 80220011-018f-373e-7350-00000ee19ad0 
on database directory C:\Users\Rafe\IdeaProjects\HotelTransylvania2\src\main\java\Databases\AdminProfilesData with class loader jdk.internal.loader.ClassLoaders$AppClassLoader@76ed5528 
Loaded from file:/C:/Users/Rafe/.m2/repository/org/apache/derby/derby/10.14.1.0/derby-10.14.1.0.jar
java.vendor=Eclipse Adoptium
java.runtime.version=21.0.1+12-LTS
user.dir=C:\Users\Rafe\IdeaProjects\HotelTransylvania2\src\main\java\Databases
os.name=Windows 11
os.arch=amd64
os.version=10.0
derby.system.home=null
Database Class Loader started - derby.database.classpath=''
----------------------------------------------------------------
Wed May 01 21:59:51 CDT 2024:
Booting Derby version The Apache Software Foundation - Apache Derby - 10.14.1.0 - (1808820): instance 08264012-018f-373e-7350-00000ee19ad0 
on database directory C:\Users\Rafe\IdeaProjects\HotelTransylvania2\src\main\java\Databases\HotelRoomsData with class loader jdk.internal.loader.ClassLoaders$AppClassLoader@76ed5528 
Loaded from file:/C:/Users/Rafe/.m2/repository/org/apache/derby/derby/10.14.1.0/derby-10.14.1.0.jar
java.vendor=Eclipse Adoptium
java.runtime.version=21.0.1+12-LTS
user.dir=C:\Users\Rafe\IdeaProjects\HotelTransylvania2\src\main\java\Databases
os.name=Windows 11
os.arch=amd64
os.version=10.0
derby.system.home=null
Database Class Loader started - derby.database.classpath=''
----------------------------------------------------------------
Wed May 01 21:59:51 CDT 2024:
Booting Derby version The Apache Software Foundation - Apache Derby - 10.14.1.0 - (1808820): instance a02ac013-018f-373e-7350-00000ee19ad0 
on database directory C:\Users\Rafe\IdeaProjects\HotelTransylvania2\src\main\java\Databases\ShoppingCartData with class loader jdk.internal.loader.ClassLoaders$AppClassLoader@76ed5528 
Loaded from file:/C:/Users/Rafe/.m2/repository/org/apache/derby/derby/10.14.1.0/derby-10.14.1.0.jar
java.vendor=Eclipse Adoptium
java.runtime.version=21.0.1+12-LTS
user.dir=C:\Users\Rafe\IdeaProjects\HotelTransylvania2\src\main\java\Databases
os.name=Windows 11
os.arch=amd64
os.version=10.0
derby.system.home=null
Database Class Loader started - derby.database.classpath=''
----------------------------------------------------------------
Wed May 01 21:59:51 CDT 2024:
Booting Derby version The Apache Software Foundation - Apache Derby - 10.14.1.0 - (1808820): instance 582f8014-018f-373e-7350-00000ee19ad0 
on database directory C:\Users\Rafe\IdeaProjects\HotelTransylvania2\src\main\java\Databases\CatalogueDatabase with class loader jdk.internal.loader.ClassLoaders$AppClassLoader@76ed5528 
Loaded from file:/C:/Users/Rafe/.m2/repository/org/apache/derby/derby/10.14.1.0/derby-10.14.1.0.jar
java.vendor=Eclipse Adoptium
java.runtime.version=21.0.1+12-LTS
user.dir=C:\Users\Rafe\IdeaProjects\HotelTransylvania2\src\main\java\Databases
os.name=Windows 11
os.arch=amd64
os.version=10.0
derby.system.home=null
Database Class Loader started - derby.database.classpath=''
